[2013-11-04 18:09:39] START
[2013-11-04 18:10:13] CREATE profiles.py: 0
[2013-11-05 17:21:18] EDIT doggiedates/views/default/index.html: -10
[2013-11-05 17:22:07] EDIT doggiedates/views/default/index.html: -2
[2013-11-19 16:04:13] EDIT doggiedates/controllers/default.py: -5
[2013-11-19 16:09:00] EDIT doggiedates/views/default/home.html: 2
[2013-11-19 16:10:52] EDIT doggiedates/views/default/home.html: 0
[2013-11-19 16:12:51] EDIT doggiedates/models/tables.py: 2
[2013-11-19 16:22:49] EDIT doggiedates/models/tables.py: 6
[2013-11-19 16:24:44] EDIT doggiedates/models/tables.py: 2
[2013-11-19 16:29:20] EDIT doggiedates/controllers/default.py: 0
[2013-11-19 16:56:02] EDIT doggiedates/controllers/default.py: 0
[2013-11-19 17:02:38] EDIT doggiedates/views/default/pet_view.html: 0
[2013-11-19 17:03:13] EDIT doggiedates/views/default/greeting_view.html: 0
[2013-11-19 17:03:38] EDIT doggiedates/views/default/home.html: 0
[2013-11-19 17:04:10] EDIT doggiedates/views/default/home.html: 0
[2013-11-19 17:19:18] EDIT doggiedates/views/default/home.html: 0
[2013-11-19 17:20:41] EDIT doggiedates/models/tables.py: 0
[2013-11-19 17:25:15] EDIT doggiedates/controllers/default.py: 5
[2013-11-19 17:25:26] EDIT doggiedates/controllers/default.py: 0
[2013-11-19 18:36:48] EDIT doggiedates/static/css/bootstrap.min.css: -8
[2013-11-19 18:36:51] EDIT doggiedates/static/css/bootstrap.min.css: 0
[2013-11-19 18:37:50] EDIT doggiedates/static/css/bootstrap.min.css: 0
[2013-11-19 18:44:42] EDIT doggiedates/static/css/bootstrap.min.css: 0
